app/manifest-merger-release-report.txt
-- Merging decision tree log ---
manifest
ADDED from AndroidManifest.xml:2:1
	xmlns:android
		ADDED from AndroidManifest.xml:2:11
	package
		ADDED from AndroidManifest.xml:3:11
		INJECTED from AndroidManifest.xml:0:0
		INJECTED from AndroidManifest.xml:0:0
	android:versionName
		INJECTED from AndroidManifest.xml:0:0
		INJECTED from AndroidManifest.xml:0:0
	android:versionCode
		INJECTED from AndroidManifest.xml:0:0
		INJECTED from AndroidManifest.xml:0:0
uses-permission#android.permission.CAMERA
ADDED from AndroidManifest.xml:5:5
	android:name
		ADDED from AndroidManifest.xml:5:22
uses-permission#android.permission.INTERNET
ADDED from AndroidManifest.xml:6:5
	android:name
		ADDED from AndroidManifest.xml:6:22
uses-permission#android.permission.WRITE_EXTERNAL_STORAGE
ADDED from AndroidManifest.xml:7:5
	android:name
		ADDED from AndroidManifest.xml:7:22
uses-permission#android.permission.ACCESS_NETWORK_STATE
ADDED from AndroidManifest.xml:8:5
	android:name
		ADDED from AndroidManifest.xml:8:22
uses-permission#android.permission.ACCESS_FINE_LOCATION
ADDED from AndroidManifest.xml:9:5
	android:name
		ADDED from AndroidManifest.xml:9:22
uses-permission#android.permission.ACCESS_COARSE_LOCATION
ADDED from AndroidManifest.xml:10:5
	android:name
		ADDED from AndroidManifest.xml:10:22
uses-permission#android.permission.RECORD_AUDIO
ADDED from AndroidManifest.xml:11:5
	android:name
		ADDED from AndroidManifest.xml:11:22
uses-permission#android.permission.VIBRATE
ADDED from AndroidManifest.xml:12:5
	android:name
		ADDED from AndroidManifest.xml:12:22
uses-permission#android.permission.RECEIVE_BOOT_COMPLETED
ADDED from AndroidManifest.xml:13:5
	android:name
		ADDED from AndroidManifest.xml:13:22
uses-permission#android.permission.GET_TASKS
ADDED from AndroidManifest.xml:14:5
	android:name
		ADDED from AndroidManifest.xml:14:22
application
ADDED from AndroidManifest.xml:16:5
MERGED from xxoo_YueQiu:datetimepicker-library:unspecified:11:5
MERGED from com.android.support:support-v4:21.0.3:16:5
MERGED from xxoo_YueQiu:emoji-library:unspecified:11:5
MERGED from com.android.support:support-v4:21.0.3:16:5
MERGED from com.android.support:support-v13:21.0.3:16:5
MERGED from com.android.support:support-v4:21.0.3:16:5
	android:label
		ADDED from AndroidManifest.xml:20:9
	android:allowBackup
		ADDED from AndroidManifest.xml:18:9
	android:icon
		ADDED from AndroidManifest.xml:19:9
	android:theme
		ADDED from AndroidManifest.xml:21:9
	android:name
		ADDED from AndroidManifest.xml:17:9
activity#com.yueqiu.BilliardGroupActivity
ADDED from AndroidManifest.xml:22:9
	android:screenOrientation
		ADDED from AndroidManifest.xml:25:13
	android:label
		ADDED from AndroidManifest.xml:24:13
	android:name
		ADDED from AndroidManifest.xml:23:13
activity#com.yueqiu.YueQiuSplashScreen
ADDED from AndroidManifest.xml:28:9
	android:screenOrientation
		ADDED from AndroidManifest.xml:30:13
	android:name
		ADDED from AndroidManifest.xml:29:13
intent-filter#android.intent.action.MAIN+android.intent.category.LAUNCHER
ADDED from AndroidManifest.xml:31:13
action#android.intent.action.MAIN
ADDED from AndroidManifest.xml:32:17
	android:name
		ADDED from AndroidManifest.xml:32:25
category#android.intent.category.LAUNCHER
ADDED from AndroidManifest.xml:34:17
	android:name
		ADDED from AndroidManifest.xml:34:27
activity#com.yueqiu.BilliardNearbyActivity
ADDED from AndroidManifest.xml:37:9
	android:screenOrientation
		ADDED from AndroidManifest.xml:39:13
	android:name
		ADDED from AndroidManifest.xml:38:13
activity#com.yueqiu.activity.SearchResultActivity
ADDED from AndroidManifest.xml:41:9
	android:screenOrientation
		ADDED from AndroidManifest.xml:44:13
	android:name
		ADDED from AndroidManifest.xml:42:13
	android:launchMode
		ADDED from AndroidManifest.xml:43:13
intent-filter#android.intent.action.SEARCH+android.intent.category.DEFAULT
ADDED from AndroidManifest.xml:45:13
action#android.intent.action.SEARCH
ADDED from AndroidManifest.xml:46:17
	android:name
		ADDED from AndroidManifest.xml:46:25
category#android.intent.category.DEFAULT
ADDED from AndroidManifest.xml:48:17
	android:name
		ADDED from AndroidManifest.xml:48:27
meta-data#android.app.searchable
ADDED from AndroidManifest.xml:51:13
	android:resource
		ADDED from AndroidManifest.xml:53:17
	android:name
		ADDED from AndroidManifest.xml:52:17
activity#com.yueqiu.ChatBarActivity
ADDED from AndroidManifest.xml:57:9
	android:screenOrientation
		ADDED from AndroidManifest.xml:60:13
	android:parentActivityName
		ADDED from AndroidManifest.xml:59:13
	android:name
		ADDED from AndroidManifest.xml:58:13
meta-data#android.support.PARENT_ACTIVITY
ADDED from AndroidManifest.xml:63:13
	android:name
		ADDED from AndroidManifest.xml:64:17
	android:value
		ADDED from AndroidManifest.xml:65:17
activity#com.yueqiu.activity.FriendSetGroupActivity
ADDED from AndroidManifest.xml:67:9
	android:screenOrientation
		ADDED from AndroidManifest.xml:69:13
	android:name
		ADDED from AndroidManifest.xml:68:13
activity#com.yueqiu.activity.FriendsApplicationActivity
ADDED from AndroidManifest.xml:70:9
	android:screenOrientation
		ADDED from AndroidManifest.xml:72:13
	android:name
		ADDED from AndroidManifest.xml:71:13
activity#com.yueqiu.activity.RequestAddFriendActivity
ADDED from AndroidManifest.xml:73:9
	android:screenOrientation
		ADDED from AndroidManifest.xml:75:13
	android:name
		ADDED from AndroidManifest.xml:74:13
activity#com.yueqiu.activity.PlayBusinessActivity
ADDED from AndroidManifest.xml:79:9
	android:screenOrientation
		ADDED from AndroidManifest.xml:81:13
	android:name
		ADDED from AndroidManifest.xml:80:13
activity#com.yueqiu.activity.PlayIssueActivity
ADDED from AndroidManifest.xml:84:9
	android:windowSoftInputMode
		ADDED from AndroidManifest.xml:87:13
	android:screenOrientation
		ADDED from AndroidManifest.xml:86:13
	android:name
		ADDED from AndroidManifest.xml:85:13
activity#com.yueqiu.activity.FeedbackActivity
ADDED from AndroidManifest.xml:88:9
	android:windowSoftInputMode
		ADDED from AndroidManifest.xml:91:13
	android:screenOrientation
		ADDED from AndroidManifest.xml:90:13
	android:name
		ADDED from AndroidManifest.xml:89:13
activity#com.yueqiu.activity.UpgradeAssistantActivity
ADDED from AndroidManifest.xml:92:9
	android:screenOrientation
		ADDED from AndroidManifest.xml:94:13
	android:name
		ADDED from AndroidManifest.xml:93:13
activity#com.yueqiu.activity.ProfileSetupActivity
ADDED from AndroidManifest.xml:95:9
	android:screenOrientation
		ADDED from AndroidManifest.xml:97:13
	android:name
		ADDED from AndroidManifest.xml:96:13
activity#com.yueqiu.activity.MyParticipationActivity
ADDED from AndroidManifest.xml:98:9
	android:screenOrientation
		ADDED from AndroidManifest.xml:100:13
	android:name
		ADDED from AndroidManifest.xml:99:13
activity#com.yueqiu.activity.MyProfileActivity
ADDED from AndroidManifest.xml:101:9
	android:screenOrientation
		ADDED from AndroidManifest.xml:103:13
	android:name
		ADDED from AndroidManifest.xml:102:13
activity#com.yueqiu.activity.FavorActivity
ADDED from AndroidManifest.xml:104:9
	android:screenOrientation
		ADDED from AndroidManifest.xml:106:13
	android:name
		ADDED from AndroidManifest.xml:105:13
activity#com.yueqiu.activity.PublishedInfoActivity
ADDED from AndroidManifest.xml:107:9
	android:screenOrientation
		ADDED from AndroidManifest.xml:109:13
	android:name
		ADDED from AndroidManifest.xml:108:13
activity#com.yueqiu.activity.PlayDetailActivity
ADDED from AndroidManifest.xml:110:9
	android:screenOrientation
		ADDED from AndroidManifest.xml:113:13
	android:label
		ADDED from AndroidManifest.xml:112:13
	android:name
		ADDED from AndroidManifest.xml:111:13
activity#com.yueqiu.activity.PlaySelectType
ADDED from AndroidManifest.xml:114:9
	android:screenOrientation
		ADDED from AndroidManifest.xml:117:13
	android:label
		ADDED from AndroidManifest.xml:116:13
	android:name
		ADDED from AndroidManifest.xml:115:13
activity#com.yueqiu.activity.SelectChargeModuleActivity
ADDED from AndroidManifest.xml:118:9
	android:screenOrientation
		ADDED from AndroidManifest.xml:120:13
	android:name
		ADDED from AndroidManifest.xml:119:13
activity#com.yueqiu.activity.RegisterActivity
ADDED from AndroidManifest.xml:121:9
	android:screenOrientation
		ADDED from AndroidManifest.xml:123:13
	android:name
		ADDED from AndroidManifest.xml:122:13
activity#com.yueqiu.activity.LoginActivity
ADDED from AndroidManifest.xml:124:9
	android:screenOrientation
		ADDED from AndroidManifest.xml:126:13
	android:name
		ADDED from AndroidManifest.xml:125:13
activity#com.yueqiu.activity.PlaySelectSex
ADDED from AndroidManifest.xml:127:9
	android:screenOrientation
		ADDED from AndroidManifest.xml:129:13
	android:name
		ADDED from AndroidManifest.xml:128:13
activity#com.yueqiu.activity.NearbyBilliardsDatingActivity
ADDED from AndroidManifest.xml:130:9
	android:screenOrientation
		ADDED from AndroidManifest.xml:133:13
	android:label
		ADDED from AndroidManifest.xml:132:13
	android:name
		ADDED from AndroidManifest.xml:131:13
activity#com.yueqiu.PlayMainActivity
ADDED from AndroidManifest.xml:134:9
	android:screenOrientation
		ADDED from AndroidManifest.xml:136:13
	android:name
		ADDED from AndroidManifest.xml:135:13
activity#com.yueqiu.activity.GroupIssueTopic
ADDED from AndroidManifest.xml:137:9
	android:windowSoftInputMode
		ADDED from AndroidManifest.xml:141:13
	android:screenOrientation
		ADDED from AndroidManifest.xml:140:13
	android:label
		ADDED from AndroidManifest.xml:139:13
	android:name
		ADDED from AndroidManifest.xml:138:13
activity#com.yueqiu.activity.GroupSelectTopicTypeActivity
ADDED from AndroidManifest.xml:142:9
	android:screenOrientation
		ADDED from AndroidManifest.xml:145:13
	android:parentActivityName
		ADDED from AndroidManifest.xml:144:13
	android:name
		ADDED from AndroidManifest.xml:143:13
activity#com.yueqiu.activity.GetCaptchaActivity
ADDED from AndroidManifest.xml:146:9
	android:screenOrientation
		ADDED from AndroidManifest.xml:148:13
	android:name
		ADDED from AndroidManifest.xml:147:13
activity#com.yueqiu.activity.Register1Activity
ADDED from AndroidManifest.xml:149:9
	android:screenOrientation
		ADDED from AndroidManifest.xml:151:13
	android:name
		ADDED from AndroidManifest.xml:150:13
activity#com.yueqiu.activity.ArticleReadActivity
ADDED from AndroidManifest.xml:152:9
	android:screenOrientation
		ADDED from AndroidManifest.xml:154:13
	android:name
		ADDED from AndroidManifest.xml:153:13
intent-filter#android.intent.action.VIEW
ADDED from AndroidManifest.xml:155:13
action#android.intent.action.VIEW
ADDED from AndroidManifest.xml:156:17
	android:name
		ADDED from AndroidManifest.xml:156:25
data
ADDED from AndroidManifest.xml:158:17
	android:scheme
		ADDED from AndroidManifest.xml:158:23
activity#com.yueqiu.im.ChatPage
ADDED from AndroidManifest.xml:162:9
	android:windowSoftInputMode
		ADDED from AndroidManifest.xml:165:13
	android:screenOrientation
		ADDED from AndroidManifest.xml:164:13
	android:name
		ADDED from AndroidManifest.xml:163:13
activity#com.yueqiu.im.ShowBigImage
ADDED from AndroidManifest.xml:166:9
	android:screenOrientation
		ADDED from AndroidManifest.xml:169:13
	android:name
		ADDED from AndroidManifest.xml:167:13
	android:launchMode
		ADDED from AndroidManifest.xml:168:13
service#com.yueqiu.util.LocationUtil
ADDED from AndroidManifest.xml:172:9
	android:name
		ADDED from AndroidManifest.xml:172:18
service#com.yueqiu.im.GotyeService
ADDED from AndroidManifest.xml:173:9
	android:name
		ADDED from AndroidManifest.xml:173:18
receiver#com.yueqiu.im.StartServiceReceiver
ADDED from AndroidManifest.xml:176:9
	android:name
		ADDED from AndroidManifest.xml:176:19
intent-filter#android.intent.action.BOOT_COMPLETED+android.intent.action.QUICKBOOT_POWERON+android.intent.category.LAUNCHER
ADDED from AndroidManifest.xml:177:13
	android:priority
		ADDED from AndroidManifest.xml:177:28
action#android.intent.action.BOOT_COMPLETED
ADDED from AndroidManifest.xml:178:17
	android:name
		ADDED from AndroidManifest.xml:178:25
action#android.intent.action.QUICKBOOT_POWERON
ADDED from AndroidManifest.xml:179:17
	android:name
		ADDED from AndroidManifest.xml:179:25
activity#com.yueqiu.activity.BilliardGroupDetailActivity
ADDED from AndroidManifest.xml:185:9
	android:screenOrientation
		ADDED from AndroidManifest.xml:187:13
	android:name
		ADDED from AndroidManifest.xml:186:13
activity#com.yueqiu.activity.NearbyBilliardRoomActivity
ADDED from AndroidManifest.xml:190:9
	android:screenOrientation
		ADDED from AndroidManifest.xml:193:13
	android:parentActivityName
		ADDED from AndroidManifest.xml:192:13
	android:name
		ADDED from AndroidManifest.xml:191:13
intent-filter#android.intent.category.DEFAULT+com.sina.weibo.sdk.action.ACTION_SDK_REQ_ACTIVITY
ADDED from AndroidManifest.xml:198:13
action#com.sina.weibo.sdk.action.ACTION_SDK_REQ_ACTIVITY
ADDED from AndroidManifest.xml:199:17
	android:name
		ADDED from AndroidManifest.xml:199:25
activity#com.sina.weibo.sdk.component.WeiboSdkBrowser
ADDED from AndroidManifest.xml:207:9
	android:windowSoftInputMode
		ADDED from AndroidManifest.xml:210:13
	android:configChanges
		ADDED from AndroidManifest.xml:209:13
	android:exported
		ADDED from AndroidManifest.xml:211:13
	android:name
		ADDED from AndroidManifest.xml:208:13
uses-sdk
INJECTED from AndroidManifest.xml:0:0 reason: use-sdk injection requested
MERGED from xxoo_YueQiu:datetimepicker-library:unspecified:7:5
MERGED from com.android.support:support-v4:21.0.3:15:5
MERGED from xxoo_YueQiu:emoji-library:unspecified:7:5
MERGED from com.android.support:support-v4:21.0.3:15:5
MERGED from com.android.support:support-v13:21.0.3:15:5
MERGED from com.android.support:support-v4:21.0.3:15:5
	android:targetSdkVersion
		INJECTED from AndroidManifest.xml:0:0
		INJECTED from AndroidManifest.xml:0:0
	android:minSdkVersion
		INJECTED from AndroidManifest.xml:0:0
		INJECTED from AndroidManifest.xml:0:0